\BOOKMARK [0][-]{chapter.1}{Introduction}{}% 1
\BOOKMARK [1][-]{section.1.1}{STM\040and\040STO}{chapter.1}% 2
\BOOKMARK [1][-]{section.1.2}{Motivation}{chapter.1}% 3
\BOOKMARK [1][-]{section.1.3}{Overview}{chapter.1}% 4
\BOOKMARK [0][-]{chapter.2}{Background\040and\040Related\040Work}{}% 5
\BOOKMARK [1][-]{section.2.1}{Transactional\040Memory}{chapter.2}% 6
\BOOKMARK [1][-]{section.2.2}{Transactional\040Memory\040Systems}{chapter.2}% 7
\BOOKMARK [1][-]{section.2.3}{Abstraction-based\040STMs}{chapter.2}% 8
\BOOKMARK [0][-]{chapter.3}{FIFO\040Queue\040Algorithms\040and\040Analysis}{}% 9
\BOOKMARK [1][-]{section.3.1}{Transactional\040Queue\040Specification}{chapter.3}% 10
\BOOKMARK [1][-]{section.3.2}{Naive\040Synchronization\040Queue\040Algorithms}{chapter.3}% 11
\BOOKMARK [1][-]{section.3.3}{Flat\040Combining\040Queue\040Algorithms}{chapter.3}% 12
\BOOKMARK [1][-]{section.3.4}{Evaluation}{chapter.3}% 13
\BOOKMARK [0][-]{chapter.4}{Commutativity\040and\040Scalability\040of\040Queue\040Specifications}{}% 14
\BOOKMARK [1][-]{section.4.1}{Histories\040and\040Commutativity}{chapter.4}% 15
\BOOKMARK [1][-]{section.4.2}{Commutativity\040of\040the\040Strong\040Queue\040Specification}{chapter.4}% 16
\BOOKMARK [1][-]{section.4.3}{Commutativity\040of\040the\040Weak\040Queue\040Specification}{chapter.4}% 17
\BOOKMARK [0][-]{chapter.5}{Hashmap\040Algorithms\040and\040Analysis}{}% 18
\BOOKMARK [1][-]{section.5.1}{Algorithms}{chapter.5}% 19
\BOOKMARK [1][-]{section.5.2}{Evaluation}{chapter.5}% 20
\BOOKMARK [1][-]{section.5.3}{Commutativity\040of\040Transactional\040Hashmaps}{chapter.5}% 21
\BOOKMARK [0][-]{chapter.6}{Future\040Work\040and\040Conclusion}{}% 22
\BOOKMARK [1][-]{section.6.1}{Future\040Work}{chapter.6}% 23
\BOOKMARK [1][-]{section.6.2}{Conclusion}{chapter.6}% 24
\BOOKMARK [0][-]{chapter*.52}{References}{}% 25
\BOOKMARK [0][-]{section*.53}{Appendices}{}% 26
\BOOKMARK [0][-]{appendix.A}{Queue\040Results}{}% 27
\BOOKMARK [1][-]{section.A.1}{Cache\040Misses}{appendix.A}% 28
\BOOKMARK [1][-]{section.A.2}{Performance\040of\040Non-transactional\040Concurrent\040Queues}{appendix.A}% 29
\BOOKMARK [1][-]{section.A.3}{Performance\040of\040Various\040Transactional\040Queues}{appendix.A}% 30
\BOOKMARK [1][-]{section.A.4}{Abort\040Rate\040Results}{appendix.A}% 31
\BOOKMARK [0][-]{appendix.B}{Hashmap\040Results}{}% 32
\BOOKMARK [1][-]{section.B.1}{10K\040Buckets,\04033\045Find,\04033\045\040Insert,\04033\045\040Erase}{appendix.B}% 33
\BOOKMARK [1][-]{section.B.2}{10K\040Buckets,\04090\045Find,\0405\045\040Insert,\0405\045\040Erase}{appendix.B}% 34
\BOOKMARK [1][-]{section.B.3}{125K\040Buckets,\04033\045Find,\04033\045\040Insert,\04033\045\040Erase}{appendix.B}% 35
\BOOKMARK [1][-]{section.B.4}{125K\040Buckets,\04090\045Find,\0405\045\040Insert,\0405\045\040Erase}{appendix.B}% 36
\BOOKMARK [1][-]{section.B.5}{1MK\040Buckets,\04033\045Find,\04033\045\040Insert,\04033\045\040Erase}{appendix.B}% 37
\BOOKMARK [1][-]{section.B.6}{1M\040Buckets,\04090\045Find,\0405\045\040Insert,\0405\045\040Erase}{appendix.B}% 38
\BOOKMARK [1][-]{section.B.7}{Abort\040Rate\040Results}{appendix.B}% 39
