This is XeTeX, Version 3.14159265-2.6-0.99992 (TeX Live 2015/Debian) (preloaded format=xelatex 2016.8.5)  23 JAN 2017 09:48
entering extended mode
 restricted \write18 enabled.
 %&-line parsing enabled.
**thesis
(./thesis.tex
LaTeX2e <2016/02/01>
Babel <3.9q> and hyphenation patterns for 81 language(s) loaded.
(./harvard-thesis.cls
Document Class: harvard-thesis 2012/04/05 v0.4 Harvard University Thesis Class
(/usr/share/texlive/texmf-dist/tex/latex/base/book.cls
Document Class: book 2014/09/29 v1.4h Standard LaTeX document class
(/usr/share/texlive/texmf-dist/tex/latex/base/bk10.clo
File: bk10.clo 2014/09/29 v1.4h Standard LaTeX file (size option)
)
\c@part=\count79
\c@chapter=\count80
\c@section=\count81
\c@subsection=\count82
\c@subsubsection=\count83
\c@paragraph=\count84
\c@subparagraph=\count85
\c@figure=\count86
\c@table=\count87
\abovecaptionskip=\skip41
\belowcaptionskip=\skip42
\bibindent=\dimen102
)
(/usr/share/texlive/texmf-dist/tex/latex/graphics/graphicx.sty
Package: graphicx 2014/10/28 v1.0g Enhanced LaTeX Graphics (DPC,SPQR)

(/usr/share/texlive/texmf-dist/tex/latex/graphics/keyval.sty
Package: keyval 2014/10/28 v1.15 key=value parser (DPC)
\KV@toks@=\toks14
)
(/usr/share/texlive/texmf-dist/tex/latex/graphics/graphics.sty
Package: graphics 2016/01/03 v1.0q Standard LaTeX Graphics (DPC,SPQR)

(/usr/share/texlive/texmf-dist/tex/latex/graphics/trig.sty
Package: trig 2016/01/03 v1.10 sin cos tan (DPC)
)
(/usr/share/texlive/texmf-dist/tex/latex/latexconfig/graphics.cfg
File: graphics.cfg 2010/04/23 v1.9 graphics configuration of TeX Live
)
Package graphics Info: Driver file: xetex.def on input line 95.

(/usr/share/texlive/texmf-dist/tex/xelatex/xetex-def/xetex.def
File: xetex.def 2015/09/11 v4.06 LaTeX color/graphics driver for XeTeX (TeX Liv
e/RRM/JK)

(/usr/share/texlive/texmf-dist/tex/generic/oberdiek/infwarerr.sty
Package: infwarerr 2010/04/08 v1.3 Providing info/warning/error messages (HO)
)
(/usr/share/texlive/texmf-dist/tex/generic/oberdiek/ltxcmds.sty
Package: ltxcmds 2011/11/09 v1.22 LaTeX kernel commands for general use (HO)
)))
\Gin@req@height=\dimen103
\Gin@req@width=\dimen104
)
(/usr/share/texlive/texmf-dist/tex/latex/hyperref/hyperref.sty
Package: hyperref 2012/11/06 v6.83m Hypertext links for LaTeX

(/usr/share/texlive/texmf-dist/tex/generic/oberdiek/hobsub-hyperref.sty
Package: hobsub-hyperref 2012/05/28 v1.13 Bundle oberdiek, subset hyperref (HO)


(/usr/share/texlive/texmf-dist/tex/generic/oberdiek/hobsub-generic.sty
Package: hobsub-generic 2012/05/28 v1.13 Bundle oberdiek, subset generic (HO)
Package: hobsub 2012/05/28 v1.13 Construct package bundles (HO)
Package hobsub Info: Skipping package `infwarerr' (already loaded).
Package hobsub Info: Skipping package `ltxcmds' (already loaded).
Package: ifluatex 2010/03/01 v1.3 Provides the ifluatex switch (HO)
Package ifluatex Info: LuaTeX not detected.
Package: ifvtex 2010/03/01 v1.5 Detect VTeX and its facilities (HO)
Package ifvtex Info: VTeX not detected.
Package: intcalc 2007/09/27 v1.1 Expandable calculations with integers (HO)
Package: ifpdf 2011/01/30 v2.3 Provides the ifpdf switch (HO)
Package ifpdf Info: pdfTeX in PDF mode is not detected.
Package: etexcmds 2011/02/16 v1.5 Avoid name clashes with e-TeX commands (HO)
Package etexcmds Info: Could not find \expanded.
(etexcmds)             That can mean that you are not using pdfTeX 1.50 or
(etexcmds)             that some package has redefined \expanded.
(etexcmds)             In the latter case, load this package earlier.
Package: kvsetkeys 2012/04/25 v1.16 Key value parser (HO)
Package: kvdefinekeys 2011/04/07 v1.3 Define keys (HO)
Package: pdftexcmds 2011/11/29 v0.20 Utility functions of pdfTeX for LuaTeX (HO
)
Package pdftexcmds Info: LuaTeX not detected.
Package pdftexcmds Info: pdfTeX >= 1.30 not detected.
Package pdftexcmds Info: \pdf@primitive is available.
Package pdftexcmds Info: \pdf@ifprimitive is available.
Package pdftexcmds Info: \pdfdraftmode not found.
Package: pdfescape 2011/11/25 v1.13 Implements pdfTeX's escape features (HO)
Package: bigintcalc 2012/04/08 v1.3 Expandable calculations on big integers (HO
)
Package: bitset 2011/01/30 v1.1 Handle bit-vector datatype (HO)
Package: uniquecounter 2011/01/30 v1.2 Provide unlimited unique counter (HO)
)
Package hobsub Info: Skipping package `hobsub' (already loaded).
Package: letltxmacro 2010/09/02 v1.4 Let assignment for LaTeX macros (HO)
Package: hopatch 2012/05/28 v1.2 Wrapper for package hooks (HO)
Package: xcolor-patch 2011/01/30 xcolor patch
Package: atveryend 2011/06/30 v1.8 Hooks at the very end of document (HO)
Package atveryend Info: \enddocument detected (standard20110627).
Package: atbegshi 2011/10/05 v1.16 At begin shipout hook (HO)
Package: refcount 2011/10/16 v3.4 Data extraction from label references (HO)
Package: hycolor 2011/01/30 v1.7 Color options for hyperref/bookmark (HO)
)
(/usr/share/texlive/texmf-dist/tex/generic/ifxetex/ifxetex.sty
Package: ifxetex 2010/09/12 v0.6 Provides ifxetex conditional
)
(/usr/share/texlive/texmf-dist/tex/latex/oberdiek/auxhook.sty
Package: auxhook 2011/03/04 v1.3 Hooks for auxiliary files (HO)
)
(/usr/share/texlive/texmf-dist/tex/latex/oberdiek/kvoptions.sty
Package: kvoptions 2011/06/30 v3.11 Key value format for package options (HO)
)
\@linkdim=\dimen105
\Hy@linkcounter=\count88
\Hy@pagecounter=\count89

(/usr/share/texlive/texmf-dist/tex/latex/hyperref/pd1enc.def
File: pd1enc.def 2012/11/06 v6.83m Hyperref: PDFDocEncoding definition (HO)
)
\Hy@SavedSpaceFactor=\count90

(/usr/share/texlive/texmf-dist/tex/latex/latexconfig/hyperref.cfg
File: hyperref.cfg 2002/06/06 v1.2 hyperref configuration of TeXLive
)
Package hyperref Info: Hyper figures OFF on input line 4443.
Package hyperref Info: Link nesting OFF on input line 4448.
Package hyperref Info: Hyper index ON on input line 4451.
Package hyperref Info: Plain pages OFF on input line 4458.
Package hyperref Info: Backreferencing OFF on input line 4463.
Package hyperref Info: Implicit mode ON; LaTeX internals redefined.
Package hyperref Info: Bookmarks ON on input line 4688.
\c@Hy@tempcnt=\count91

(/usr/share/texlive/texmf-dist/tex/latex/url/url.sty
\Urlmuskip=\muskip10
Package: url 2013/09/16  ver 3.4  Verb mode for urls, etc.
)
LaTeX Info: Redefining \url on input line 5041.
\XeTeXLinkMargin=\dimen106
\Fld@menulength=\count92
\Field@Width=\dimen107
\Fld@charsize=\dimen108
Package hyperref Info: Hyper figures OFF on input line 6295.
Package hyperref Info: Link nesting OFF on input line 6300.
Package hyperref Info: Hyper index ON on input line 6303.
Package hyperref Info: backreferencing OFF on input line 6310.
Package hyperref Info: Link coloring OFF on input line 6315.
Package hyperref Info: Link coloring with OCG OFF on input line 6320.
Package hyperref Info: PDF/A mode OFF on input line 6325.
LaTeX Info: Redefining \ref on input line 6365.
LaTeX Info: Redefining \pageref on input line 6369.
\Hy@abspage=\count93
\c@Item=\count94
\c@Hfootnote=\count95
)

Package hyperref Message: Driver (autodetected): hxetex.

(/usr/share/texlive/texmf-dist/tex/latex/hyperref/hxetex.def
File: hxetex.def 2012/11/06 v6.83m Hyperref driver for XeTeX

(/usr/share/texlive/texmf-dist/tex/latex/hyperref/puenc.def
File: puenc.def 2012/11/06 v6.83m Hyperref: PDF Unicode definition (HO)
)
(/usr/share/texlive/texmf-dist/tex/generic/oberdiek/stringenc.sty
Package: stringenc 2011/12/02 v1.10 Convert strings between diff. encodings (HO
)
)
\pdfm@box=\box26
\c@Hy@AnnotLevel=\count96
\HyField@AnnotCount=\count97
\Fld@listcount=\count98
\c@bookmark@seq@number=\count99

(/usr/share/texlive/texmf-dist/tex/latex/oberdiek/rerunfilecheck.sty
Package: rerunfilecheck 2011/04/15 v1.7 Rerun checks for auxiliary files (HO)
Package rerunfilecheck Info: Feature \pdfmdfivesum is not available
(rerunfilecheck)             (e.g. pdfTeX or LuaTeX with package `pdftexcmds').

(rerunfilecheck)             Therefore file contents cannot be checked efficien
tly
(rerunfilecheck)             and the loading of the package is aborted.
)
\Hy@SectionHShift=\skip43
)
Package hyperref Info: Option `linktocpage' set `true' on input line 26.
Package hyperref Info: Option `colorlinks' set `true' on input line 26.

(/usr/share/texlive/texmf-dist/tex/latex/amsmath/amsmath.sty
Package: amsmath 2016/03/03 v2.15a AMS math features
\@mathmargin=\skip44

For additional information on amsmath, use the `?' option.
(/usr/share/texlive/texmf-dist/tex/latex/amsmath/amstext.sty
Package: amstext 2000/06/29 v2.01 AMS text

(/usr/share/texlive/texmf-dist/tex/latex/amsmath/amsgen.sty
File: amsgen.sty 1999/11/30 v2.0 generic functions
\@emptytoks=\toks15
\ex@=\dimen109
))
(/usr/share/texlive/texmf-dist/tex/latex/amsmath/amsbsy.sty
Package: amsbsy 1999/11/29 v1.2d Bold Symbols
\pmbraise@=\dimen110
)
(/usr/share/texlive/texmf-dist/tex/latex/amsmath/amsopn.sty
Package: amsopn 1999/12/14 v2.01 operator names
)
\inf@bad=\count100
LaTeX Info: Redefining \frac on input line 199.
\uproot@=\count101
\leftroot@=\count102
LaTeX Info: Redefining \overline on input line 297.
\classnum@=\count103
\DOTSCASE@=\count104
LaTeX Info: Redefining \ldots on input line 394.
LaTeX Info: Redefining \dots on input line 397.
LaTeX Info: Redefining \cdots on input line 518.
\Mathstrutbox@=\box27
\strutbox@=\box28
\big@size=\dimen111
LaTeX Font Info:    Redeclaring font encoding OML on input line 630.
LaTeX Font Info:    Redeclaring font encoding OMS on input line 631.
\macc@depth=\count105
\c@MaxMatrixCols=\count106
\dotsspace@=\muskip11
\c@parentequation=\count107
\dspbrk@lvl=\count108
\tag@help=\toks16
\row@=\count109
\column@=\count110
\maxfields@=\count111
\andhelp@=\toks17
\eqnshift@=\dimen112
\alignsep@=\dimen113
\tagshift@=\dimen114
\tagwidth@=\dimen115
\totwidth@=\dimen116
\lineht@=\dimen117
\@envbody=\toks18
\multlinegap=\skip45
\multlinetaggap=\skip46
\mathdisplay@stack=\toks19
LaTeX Info: Redefining \[ on input line 2735.
LaTeX Info: Redefining \] on input line 2736.
)
(/usr/share/texlive/texmf-dist/tex/latex/amsfonts/amssymb.sty
Package: amssymb 2013/01/14 v3.01 AMS font symbols

(/usr/share/texlive/texmf-dist/tex/latex/amsfonts/amsfonts.sty
Package: amsfonts 2013/01/14 v3.01 Basic AMSFonts support
\symAMSa=\mathgroup4
\symAMSb=\mathgroup5
LaTeX Font Info:    Overwriting math alphabet `\mathfrak' in version `bold'
(Font)                  U/euf/m/n --> U/euf/b/n on input line 106.
))
(/usr/share/texlive/texmf-dist/tex/latex/natbib/natbib.sty
Package: natbib 2010/09/13 8.31b (PWD, AO)
\bibhang=\skip47
\bibsep=\skip48
LaTeX Info: Redefining \cite on input line 694.
\c@NAT@ctr=\count112
)
(/usr/share/texlive/texmf-dist/tex/latex/units/units.sty
Package: units 1998/08/04 v0.9b Typesetting units

(/usr/share/texlive/texmf-dist/tex/latex/base/ifthen.sty
Package: ifthen 2014/09/29 v1.1c Standard LaTeX ifthen package (DPC)
)
(/usr/share/texlive/texmf-dist/tex/latex/units/nicefrac.sty
Package: nicefrac 1998/08/04 v0.9b Nice fractions
\L@UnitsRaiseDisplaystyle=\skip49
\L@UnitsRaiseTextstyle=\skip50
\L@UnitsRaiseScriptstyle=\skip51
LaTeX Info: Redefining \nicefrac on input line 131.
))
(/usr/share/texlive/texmf-dist/tex/latex/tools/verbatim.sty
Package: verbatim 2014/10/28 v1.5q LaTeX2e package for verbatim enhancements
\every@verbatim=\toks20
\verbatim@line=\toks21
\verbatim@in@stream=\read1
)
(/usr/share/texlive/texmf-dist/tex/latex/graphics/color.sty
Package: color 2016/01/03 v1.1b Standard LaTeX Color (DPC)

(/usr/share/texlive/texmf-dist/tex/latex/latexconfig/color.cfg
File: color.cfg 2007/01/18 v1.5 color configuration of teTeX/TeXLive
)
Package color Info: Driver file: xetex.def on input line 143.
)
(/usr/share/texlive/texmf-dist/tex/latex/tocloft/tocloft.sty
Package: tocloft 2013/05/02 v2.3f parameterised ToC, etc., typesetting
Package tocloft Info: The document has chapter divisions on input line 44.
\cftparskip=\skip52
\cftbeforetoctitleskip=\skip53
\cftaftertoctitleskip=\skip54
\cftbeforepartskip=\skip55
\cftpartnumwidth=\skip56
\cftpartindent=\skip57
\cftbeforechapskip=\skip58
\cftchapindent=\skip59
\cftchapnumwidth=\skip60
\cftbeforesecskip=\skip61
\cftsecindent=\skip62
\cftsecnumwidth=\skip63
\cftbeforesubsecskip=\skip64
\cftsubsecindent=\skip65
\cftsubsecnumwidth=\skip66
\cftbeforesubsubsecskip=\skip67
\cftsubsubsecindent=\skip68
\cftsubsubsecnumwidth=\skip69
\cftbeforeparaskip=\skip70
\cftparaindent=\skip71
\cftparanumwidth=\skip72
\cftbeforesubparaskip=\skip73
\cftsubparaindent=\skip74
\cftsubparanumwidth=\skip75
\cftbeforeloftitleskip=\skip76
\cftafterloftitleskip=\skip77
\cftbeforefigskip=\skip78
\cftfigindent=\skip79
\cftfignumwidth=\skip80
\c@lofdepth=\count113
\c@lotdepth=\count114
\cftbeforelottitleskip=\skip81
\cftafterlottitleskip=\skip82
\cftbeforetabskip=\skip83
\cfttabindent=\skip84
\cfttabnumwidth=\skip85
)
(/usr/share/texlive/texmf-dist/tex/latex/pdfsync/pdfsync.sty
Package: pdfsync 2008/01/26 v1.1
) (./fltpage.sty
Package: fltpage 1998/10/29 v.0.3 Floats on full page (SMU)

(/usr/share/texlive/texmf-dist/tex/latex/tools/afterpage.sty
Package: afterpage 2014/10/28 v1.08 After-Page Package (DPC)
\AP@output=\toks22
\AP@partial=\box29
\AP@footins=\box30
)
\c@FP@figureC=\count115
\c@FP@tableC=\count116
\FP@floatCorpusBOX=\box31
)
(/usr/share/texlive/texmf-dist/tex/latex/natbib/bibentry.sty
Package: bibentry 2007/10/30 1.5 (PWD)
) (./thesis.bbl)
(/usr/share/texlive/texmf-dist/tex/latex/lettrine/lettrine.sty
File: lettrine.sty 2015/08/31 v1.9 (Daniel Flipo)
\c@DefaultLines=\count117
\c@DefaultDepth=\count118
\DefaultFindent=\dimen118
\DefaultNindent=\dimen119
\DefaultSlope=\dimen120
\DiscardVskip=\dimen121
\L@lbox=\box32
\L@tbox=\box33
\c@L@lines=\count119
\c@L@depth=\count120
\L@Pindent=\dimen122
\L@Findent=\dimen123
\L@Nindent=\dimen124
\L@lraise=\dimen125
\L@first=\dimen126
\L@next=\dimen127
\L@slope=\dimen128
\L@height=\dimen129
\L@novskip=\dimen130
\LettrineWidth=\dimen131
\LettrineHeight=\dimen132
\LettrineDepth=\dimen133

Loading lettrine.cfg
(/usr/share/texlive/texmf-dist/tex/latex/lettrine/lettrine.cfg))
(/usr/share/texlive/texmf-dist/tex/latex/geometry/geometry.sty
Package: geometry 2010/09/12 v5.6 Page Geometry
\Gm@cnth=\count121
\Gm@cntv=\count122
\c@Gm@tempcnt=\count123
\Gm@bindingoffset=\dimen134
\Gm@wd@mp=\dimen135
\Gm@odd@mp=\dimen136
\Gm@even@mp=\dimen137
\Gm@layoutwidth=\dimen138
\Gm@layoutheight=\dimen139
\Gm@layouthoffset=\dimen140
\Gm@layoutvoffset=\dimen141
\Gm@dimlist=\toks23
)
(/usr/share/texlive/texmf-dist/tex/latex/fancyhdr/fancyhdr.sty
\fancy@headwidth=\skip86
\f@ncyO@elh=\skip87
\f@ncyO@erh=\skip88
\f@ncyO@olh=\skip89
\f@ncyO@orh=\skip90
\f@ncyO@elf=\skip91
\f@ncyO@erf=\skip92
\f@ncyO@olf=\skip93
\f@ncyO@orf=\skip94
)
(/usr/share/texlive/texmf-dist/tex/latex/quotchap/quotchap.sty
Package: quotchap 2012/10/20 v1.1 Decorative Chapter Headings with Quotes
\@quotebox=\box34
)
Package color Info: Redefining color chaptergrey on input line 67.

(/usr/share/texlive/texmf-dist/tex/latex/titling/titling.sty
Package: titling 2009/09/04 v2.1d maketitle typesetting
\thanksmarkwidth=\skip95
\thanksmargin=\skip96
\droptitle=\skip97
)
(/usr/share/texlive/texmf-dist/tex/latex/setspace/setspace.sty
Package: setspace 2011/12/19 v6.7a set line spacing
)
(/usr/share/texlive/texmf-dist/tex/latex/booktabs/booktabs.sty
Package: booktabs 2005/04/14 v1.61803 publication quality tables
\heavyrulewidth=\dimen142
\lightrulewidth=\dimen143
\cmidrulewidth=\dimen144
\belowrulesep=\dimen145
\belowbottomsep=\dimen146
\aboverulesep=\dimen147
\abovetopsep=\dimen148
\cmidrulesep=\dimen149
\cmidrulekern=\dimen150
\defaultaddspace=\dimen151
\@cmidla=\count124
\@cmidlb=\count125
\@aboverulesep=\dimen152
\@belowrulesep=\dimen153
\@thisruleclass=\count126
\@lastruleclass=\count127
\@thisrulewidth=\dimen154
)
(/usr/share/texlive/texmf-dist/tex/latex/caption/caption.sty
Package: caption 2016/02/21 v3.3-144 Customizing captions (AR)

(/usr/share/texlive/texmf-dist/tex/latex/caption/caption3.sty
Package: caption3 2016/02/04 v1.7-139 caption3 kernel (AR)
Package caption3 Info: TeX engine: e-TeX on input line 67.
\captionmargin=\dimen155
\captionmargin@=\dimen156
\captionwidth=\dimen157
\caption@tempdima=\dimen158
\caption@indent=\dimen159
\caption@parindent=\dimen160
\caption@hangindent=\dimen161
)
Package caption Info: We need package `newfloat' on input line 292.

(/usr/share/texlive/texmf-dist/tex/latex/caption/newfloat.sty
Package: newfloat 2015/09/17 v1.1-109 Defining new floating environments (AR)
)
\c@ContinuedFloat=\count128
Package caption Info: fltpage package is loaded.
Package caption Info: hyperref package is loaded.
)
(/usr/share/texlive/texmf-dist/tex/xelatex/mathspec/mathspec.sty
Package: mathspec 2009/09/30 v0.2 LaTeX Package (Mathematics font selection for
 XeLaTeX)

(/usr/share/texlive/texmf-dist/tex/latex/etoolbox/etoolbox.sty
Package: etoolbox 2015/08/02 v2.2a e-TeX tools for LaTeX (JAW)
\etb@tempcnta=\count129
)
(/usr/share/texlive/texmf-dist/tex/latex/fontspec/fontspec.sty
(/usr/share/texlive/texmf-dist/tex/latex/l3kernel/expl3.sty
Package: expl3 2016/01/19 v6377 L3 programming layer (loader) 

(/usr/share/texlive/texmf-dist/tex/latex/l3kernel/expl3-code.tex
Package: expl3 2016/01/19 v6377 L3 programming layer (code)
L3 Module: l3bootstrap 2016/01/01 v6339 L3 Bootstrap code
L3 Module: l3names 2015/12/21 v6328 L3 Namespace for primitives
L3 Module: l3basics 2015/11/22 v6315 L3 Basic definitions
L3 Module: l3expan 2015/09/10 v5983 L3 Argument expansion
L3 Module: l3tl 2015/09/29 v6121 L3 Token lists
L3 Module: l3str 2016/01/03 v6357 L3 Strings
L3 Module: l3seq 2015/08/05 v5777 L3 Sequences and stacks
L3 Module: l3int 2016/01/05 v6366 L3 Integers
\c_max_int=\count130
\l_tmpa_int=\count131
\l_tmpb_int=\count132
\g_tmpa_int=\count133
\g_tmpb_int=\count134
L3 Module: l3quark 2015/08/17 v5855 L3 Quarks
L3 Module: l3prg 2015/11/01 v6216 L3 Control structures
\g__prg_map_int=\count135
L3 Module: l3clist 2015/09/02 v5901 L3 Comma separated lists
L3 Module: l3token 2015/11/11 v6249 L3 Experimental token manipulation
L3 Module: l3prop 2016/01/05 v6366 L3 Property lists
L3 Module: l3msg 2015/09/28 v6113 L3 Messages
L3 Module: l3file 2015/12/03 v6317 L3 File and I/O operations
\l_iow_line_count_int=\count136
\l__iow_target_count_int=\count137
\l__iow_current_line_int=\count138
\l__iow_current_word_int=\count139
\l__iow_current_indentation_int=\count140
L3 Module: l3skip 2016/01/05 v6366 L3 Dimensions and skips
\c_zero_dim=\dimen162
\c_max_dim=\dimen163
\l_tmpa_dim=\dimen164
\l_tmpb_dim=\dimen165
\g_tmpa_dim=\dimen166
\g_tmpb_dim=\dimen167
\c_zero_skip=\skip98
\c_max_skip=\skip99
\l_tmpa_skip=\skip100
\l_tmpb_skip=\skip101
\g_tmpa_skip=\skip102
\g_tmpb_skip=\skip103
\c_zero_muskip=\muskip12
\c_max_muskip=\muskip13
\l_tmpa_muskip=\muskip14
\l_tmpb_muskip=\muskip15
\g_tmpa_muskip=\muskip16
\g_tmpb_muskip=\muskip17
L3 Module: l3keys 2015/11/17 v6284 L3 Key-value interfaces
\g__keyval_level_int=\count141
\l_keys_choice_int=\count142
L3 Module: l3fp 2015/08/25 v5890 L3 Floating points
\c__fp_leading_shift_int=\count143
\c__fp_middle_shift_int=\count144
\c__fp_trailing_shift_int=\count145
\c__fp_big_leading_shift_int=\count146
\c__fp_big_middle_shift_int=\count147
\c__fp_big_trailing_shift_int=\count148
\c__fp_Bigg_leading_shift_int=\count149
\c__fp_Bigg_middle_shift_int=\count150
\c__fp_Bigg_trailing_shift_int=\count151
L3 Module: l3box 2015/08/09 v5822 L3 Experimental boxes
\c_empty_box=\box35
\l_tmpa_box=\box36
\l_tmpb_box=\box37
\g_tmpa_box=\box38
\g_tmpb_box=\box39
L3 Module: l3coffins 2015/08/06 v5789 L3 Coffin code layer
\l__coffin_internal_box=\box40
\l__coffin_internal_dim=\dimen168
\l__coffin_offset_x_dim=\dimen169
\l__coffin_offset_y_dim=\dimen170
\l__coffin_x_dim=\dimen171
\l__coffin_y_dim=\dimen172
\l__coffin_x_prime_dim=\dimen173
\l__coffin_y_prime_dim=\dimen174
\c_empty_coffin=\box41
\l__coffin_aligned_coffin=\box42
\l__coffin_aligned_internal_coffin=\box43
\l_tmpa_coffin=\box44
\l_tmpb_coffin=\box45
\l__coffin_display_coffin=\box46
\l__coffin_display_coord_coffin=\box47
\l__coffin_display_pole_coffin=\box48
\l__coffin_display_offset_dim=\dimen175
\l__coffin_display_x_dim=\dimen176
\l__coffin_display_y_dim=\dimen177
L3 Module: l3color 2014/08/23 v5354 L3 Experimental color support
L3 Module: l3sys 2015/09/25 v6087 L3 Experimental system/runtime functions
L3 Module: l3candidates 2016/01/14 v6376 L3 Experimental additions to l3kernel
\l__box_top_dim=\dimen178
\l__box_bottom_dim=\dimen179
\l__box_left_dim=\dimen180
\l__box_right_dim=\dimen181
\l__box_top_new_dim=\dimen182
\l__box_bottom_new_dim=\dimen183
\l__box_left_new_dim=\dimen184
\l__box_right_new_dim=\dimen185
\l__box_internal_box=\box49
\l__coffin_bounding_shift_dim=\dimen186
\l__coffin_left_corner_dim=\dimen187
\l__coffin_right_corner_dim=\dimen188
\l__coffin_bottom_corner_dim=\dimen189
\l__coffin_top_corner_dim=\dimen190
\l__coffin_scaled_total_height_dim=\dimen191
\l__coffin_scaled_width_dim=\dimen192
L3 Module: l3luatex 2015/11/11 v6250 L3 Experimental LuaTeX-specific functions
)
(/usr/share/texlive/texmf-dist/tex/latex/l3kernel/l3xdvipdfmx.def
File: l3xdvidpfmx.def 2015/11/11 v6250 L3 Experimental driver: xdvipdfmx
))
(/usr/share/texlive/texmf-dist/tex/latex/l3packages/xparse/xparse.sty
Package: xparse 2016/01/19 v6377 L3 Experimental document command parser
\l__xparse_current_arg_int=\count152
\l__xparse_m_args_int=\count153
\l__xparse_mandatory_args_int=\count154
\l__xparse_processor_int=\count155
\l__xparse_v_nesting_int=\count156
)
Package: fontspec 2016/02/01 v2.5a Font selection for XeLaTeX and LuaLaTeX

(/usr/share/texlive/texmf-dist/tex/latex/fontspec/fontspec-xetex.sty
Package: fontspec-xetex 2016/02/01 v2.5a Font selection for XeLaTeX and LuaLaTe
X
\l_fontspec_script_int=\count157
\l_fontspec_language_int=\count158
\l_fontspec_strnum_int=\count159
\l__fontspec_tmpa_dim=\dimen193
\l__fontspec_tmpb_dim=\dimen194
\l__fontspec_tmpc_dim=\dimen195
\g__file_internal_ior=\read2

(/usr/share/texlive/texmf-dist/tex/latex/base/fontenc.sty
Package: fontenc 2005/09/27 v1.99g Standard LaTeX package

(/usr/share/texlive/texmf-dist/tex/latex/euenc/eu1enc.def
File: eu1enc.def 2010/05/27 v0.1h Experimental Unicode font encodings
)
LaTeX Font Info:    Try loading font information for EU1+lmr on input line 105.


(/usr/share/texlive/texmf-dist/tex/latex/euenc/eu1lmr.fd
File: eu1lmr.fd 2009/10/30 v1.6 Font defs for Latin Modern
))
(/usr/share/texlive/texmf-dist/tex/xelatex/xunicode/xunicode.sty
File: xunicode.sty 2011/09/09 v0.981 provides access to latin accents and many 
other characters in Unicode lower plane

(/usr/share/texmf/tex/latex/tipa/t3enc.def
File: t3enc.def 2001/12/31 T3 encoding
LaTeX Font Info:    Try loading font information for EU1+lmss on input line 357
.

(/usr/share/texlive/texmf-dist/tex/latex/euenc/eu1lmss.fd
File: eu1lmss.fd 2009/10/30 v1.6 Font defs for Latin Modern
))
\tipaTiiicode=\count160
\tipasavetokens=\toks24
\tipachecktokens=\toks25
)
.................................................
. LaTeX info: "xparse/define-command"
. 
. Defining command \__fontspec_post_arg:w with sig. 'mmO{}' on line 353.
.................................................
.................................................
. LaTeX info: "xparse/define-command"
. 
. Defining command \fontspec with sig. 'om' on line 355.
.................................................
.................................................
. LaTeX info: "xparse/define-command"
. 
. Defining command \setmainfont with sig. 'om' on line 365.
.................................................
.................................................
. LaTeX info: "xparse/define-command"
. 
. Defining command \setsansfont with sig. 'om' on line 375.
.................................................
.................................................
. LaTeX info: "xparse/define-command"
. 
. Defining command \setmonofont with sig. 'om' on line 385.
.................................................
.................................................
. LaTeX info: "xparse/define-command"
. 
. Defining command \setmathrm with sig. 'om' on line 399.
.................................................
.................................................
. LaTeX info: "xparse/define-command"
. 
. Defining command \setboldmathrm with sig. 'om' on line 407.
.................................................
.................................................
. LaTeX info: "xparse/define-command"
. 
. Defining command \setmathsf with sig. 'om' on line 415.
.................................................
.................................................
. LaTeX info: "xparse/define-command"
. 
. Defining command \setmathtt with sig. 'om' on line 423.
.................................................
.................................................
. LaTeX info: "xparse/define-command"
. 
. Defining command \newfontfamily with sig. 'mom' on line 437.
.................................................
.................................................
. LaTeX info: "xparse/define-command"
. 
. Defining command \newfontface with sig. 'mom' on line 453.
.................................................
.................................................
. LaTeX info: "xparse/define-command"
. 
. Defining command \defaultfontfeatures with sig. 't+om' on line 467.
.................................................
.................................................
. LaTeX info: "xparse/define-command"
. 
. Defining command \addfontfeatures with sig. 'm' on line 529.
.................................................
.................................................
. LaTeX info: "xparse/define-command"
. 
. Defining command \newfontfeature with sig. 'mm' on line 540.
.................................................
.................................................
. LaTeX info: "xparse/define-command"
. 
. Defining command \newAATfeature with sig. 'mmmm' on line 548.
.................................................
.................................................
. LaTeX info: "xparse/define-command"
. 
. Defining command \newopentypefeature with sig. 'mmm' on line 556.
.................................................
.................................................
. LaTeX info: "xparse/define-command"
. 
. Defining command \aliasfontfeature with sig. 'mm' on line 577.
.................................................
.................................................
. LaTeX info: "xparse/define-command"
. 
. Defining command \aliasfontfeatureoption with sig. 'mmm' on line 586.
.................................................
.................................................
. LaTeX info: "xparse/define-command"
. 
. Defining command \newfontscript with sig. 'mm' on line 590.
.................................................
.................................................
. LaTeX info: "xparse/define-command"
. 
. Defining command \newfontlanguage with sig. 'mm' on line 594.
.................................................
.................................................
. LaTeX info: "xparse/define-command"
. 
. Defining command \DeclareFontsExtensions with sig. 'm' on line 599.
.................................................
\l__fontspec_tmp_int=\count161

(/usr/share/texlive/texmf-dist/tex/latex/fontspec/fontspec.cfg)
LaTeX Info: Redefining \itshape on input line 2705.
LaTeX Info: Redefining \slshape on input line 2710.
LaTeX Info: Redefining \scshape on input line 2715.
LaTeX Info: Redefining \upshape on input line 2720.
\l__fontspec_em_int=\count162
\l__fontspec_emdef_int=\count163
LaTeX Info: Redefining \em on input line 2736.
LaTeX Info: Redefining \emph on input line 2742.
LaTeX Info: Redefining \- on input line 2746.
.................................................
. LaTeX info: "xparse/redefine-command"
. 
. Redefining command \oldstylenums with sig. 'm' on line 2841.
.................................................
.................................................
. LaTeX info: "xparse/define-command"
. 
. Defining command \liningnums with sig. 'm' on line 2845.
.................................................
))
(/usr/share/texlive/texmf-dist/tex/latex/xkeyval/xkeyval.sty
Package: xkeyval 2014/12/03 v2.7a package option processing (HA)

(/usr/share/texlive/texmf-dist/tex/generic/xkeyval/xkeyval.tex
(/usr/share/texlive/texmf-dist/tex/generic/xkeyval/xkvutils.tex
\XKV@toks=\toks26
\XKV@tempa@toks=\toks27
)
\XKV@depth=\count164
File: xkeyval.tex 2014/12/03 v2.7a key=value parser (HA)
))
\c@eu@=\count165
\c@eu@i=\count166
\c@mkern=\count167
)
\g__fontspec_family_ArnoPro_int=\count168
.................................................
. fontspec info: "defining-font"
. 
. Font family 'ArnoPro(0)' created for font 'ArnoPro' with options [Path =
. fonts/,Extension =
. .otf,UprightFont=ArnoPro-Regular,BoldFont=ArnoPro-Bold,ItalicFont=ArnoPro-Ita
lic,BoldItalicFont=ArnoPro-BoldItalic,Numbers={OldStyle,Proportional}].
. 
. This font family consists of the following NFSS series/shapes:
. - 'normal' (m/n) with NFSS spec.:
. <->"[fonts/ArnoPro-Regular.otf]/OT:script=latn;language=DFLT;+onum;+pnum;"
. - 'small caps'  (m/sc) with NFSS spec.:
. <->"[fonts/ArnoPro-Regular.otf]/OT:script=latn;language=DFLT;+onum;+pnum;+smc
p;"-
. 'bold' (bx/n) with NFSS spec.:
. <->"[fonts/ArnoPro-Bold.otf]/OT:script=latn;language=DFLT;+onum;+pnum;"
. - 'bold small caps'  (bx/sc) with NFSS spec.:
. <->"[fonts/ArnoPro-Bold.otf]/OT:script=latn;language=DFLT;+onum;+pnum;+smcp;"
-
. 'italic' (m/it) with NFSS spec.:
. <->"[fonts/ArnoPro-Italic.otf]/OT:script=latn;language=DFLT;+onum;+pnum;"
. - 'italic small caps'  (m/itsc) with NFSS spec.:
. <->"[fonts/ArnoPro-Italic.otf]/OT:script=latn;language=DFLT;+onum;+pnum;+smcp
;"-
. 'bold italic' (bx/it) with NFSS spec.:
. <->"[fonts/ArnoPro-BoldItalic.otf]/OT:script=latn;language=DFLT;+onum;+pnum;"

. - 'bold italic small caps'  (bx/itsc) with NFSS spec.:
. <->"[fonts/ArnoPro-BoldItalic.otf]/OT:script=latn;language=DFLT;+onum;+pnum;+
smcp;"
.................................................
\symDigits:m:n=\mathgroup6
\symLatin:m:n=\mathgroup7
\symLatin:m:it=\mathgroup8
\symGreek:m:n=\mathgroup9
\symGreek:m:it=\mathgroup10
.................................................
. fontspec info: "defining-font"
. 
. Font family 'ArnoPro(1)' created for font 'ArnoPro' with options [Path =
. fonts/,Extension =
. .otf,UprightFont=ArnoPro-Regular,BoldFont=ArnoPro-Bold,ItalicFont=ArnoPro-Ita
lic,BoldItalicFont=ArnoPro-BoldItalic].
. 
. This font family consists of the following NFSS series/shapes:
. - 'normal' (m/n) with NFSS spec.:
. <->"[fonts/ArnoPro-Regular.otf]/OT:script=latn;language=DFLT;"
. - 'small caps'  (m/sc) with NFSS spec.:
. <->"[fonts/ArnoPro-Regular.otf]/OT:script=latn;language=DFLT;+smcp;"- 'bold'
. (bx/n) with NFSS spec.:
. <->"[fonts/ArnoPro-Bold.otf]/OT:script=latn;language=DFLT;"
. - 'bold small caps'  (bx/sc) with NFSS spec.:
. <->"[fonts/ArnoPro-Bold.otf]/OT:script=latn;language=DFLT;+smcp;"- 'italic'
. (m/it) with NFSS spec.:
. <->"[fonts/ArnoPro-Italic.otf]/OT:script=latn;language=DFLT;"
. - 'italic small caps'  (m/itsc) with NFSS spec.:
. <->"[fonts/ArnoPro-Italic.otf]/OT:script=latn;language=DFLT;+smcp;"- 'bold
. italic' (bx/it) with NFSS spec.:
. <->"[fonts/ArnoPro-BoldItalic.otf]/OT:script=latn;language=DFLT;"
. - 'bold italic small caps'  (bx/itsc) with NFSS spec.:
. <->"[fonts/ArnoPro-BoldItalic.otf]/OT:script=latn;language=DFLT;+smcp;"
.................................................
LaTeX Font Info:    Redeclaring math alphabet \mathrm on input line 92.
LaTeX Font Info:    Overwriting math alphabet `\mathrm' in version `bold'
(Font)                  EU1/ArnoPro(1)/m/n --> EU1/ArnoPro(1)/bx/n on input lin
e 92.
LaTeX Font Info:    Redeclaring math alphabet \mathit on input line 92.
LaTeX Font Info:    Overwriting math alphabet `\mathit' in version `normal'
(Font)                  OT1/cmr/m/it --> EU1/ArnoPro(1)/m/it on input line 92.
LaTeX Font Info:    Overwriting math alphabet `\mathit' in version `bold'
(Font)                  OT1/cmr/bx/it --> EU1/ArnoPro(1)/m/it on input line 92.

LaTeX Font Info:    Redeclaring math alphabet \mathbf on input line 92.
LaTeX Font Info:    Overwriting math alphabet `\mathbf' in version `normal'
(Font)                  OT1/cmr/bx/n --> EU1/ArnoPro(1)/bx/n on input line 92.
LaTeX Font Info:    Overwriting math alphabet `\mathbf' in version `bold'
(Font)                  OT1/cmr/bx/n --> EU1/ArnoPro(1)/bx/n on input line 92.
LaTeX Font Info:    Overwriting math alphabet `\mathit' in version `bold'
(Font)                  EU1/ArnoPro(1)/m/it --> EU1/ArnoPro(1)/bx/it on input l
ine 92.
\symOperators:m:n=\mathgroup11
)
(/usr/share/texlive/texmf-dist/tex/latex/graphics/epsfig.sty
Package: epsfig 1999/02/16 v1.7a (e)psfig emulation (SPQR)
\epsfxsize=\dimen196
\epsfysize=\dimen197
)
(/usr/share/texlive/texmf-dist/tex/latex/amscls/amsthm.sty
Package: amsthm 2015/03/04 v2.20.2
\thm@style=\toks28
\thm@bodyfont=\toks29
\thm@headfont=\toks30
\thm@notefont=\toks31
\thm@headpunct=\toks32
\thm@preskip=\skip104
\thm@postskip=\skip105
\thm@headsep=\skip106
\dth@everypar=\toks33
)
(/usr/share/texlive/texmf-dist/tex/latex/multirow/multirow.sty
\bigstrutjot=\dimen198
)
(/usr/share/texlive/texmf-dist/tex/latex/tools/xspace.sty
Package: xspace 2014/10/28 v1.13 Space after command names (DPC,MH)
)
(/usr/share/texlive/texmf-dist/tex/latex/fancyvrb/fancyvrb.sty
Package: fancyvrb 2008/02/07

Style option: `fancyvrb' v2.7a, with DG/SPQR fixes, and firstline=lastline fix 
<2008/02/07> (tvz)
\FV@CodeLineNo=\count169
\FV@InFile=\read3
\FV@TabBox=\box50
\c@FancyVerbLine=\count170
\FV@StepNumber=\count171
\FV@OutFile=\write3
)
(/usr/share/texlive/texmf-dist/tex/latex/listings/listings.sty
\lst@mode=\count172
\lst@gtempboxa=\box51
\lst@token=\toks34
\lst@length=\count173
\lst@currlwidth=\dimen199
\lst@column=\count174
\lst@pos=\count175
\lst@lostspace=\dimen256
\lst@width=\dimen257
\lst@newlines=\count176
\lst@lineno=\count177
\lst@maxwidth=\dimen258

(/usr/share/texlive/texmf-dist/tex/latex/listings/lstmisc.sty
File: lstmisc.sty 2015/06/04 1.6 (Carsten Heinz)
\c@lstnumber=\count178
\lst@skipnumbers=\count179
\lst@framebox=\box52
)
(/usr/share/texlive/texmf-dist/tex/latex/listings/listings.cfg
File: listings.cfg 2015/06/04 1.6 listings configuration
))
Package: listings 2015/06/04 1.6 (Carsten Heinz)

(/usr/share/texlive/texmf-dist/tex/latex/base/alltt.sty
Package: alltt 1997/06/16 v2.0g defines alltt environment
)
(/usr/share/texlive/texmf-dist/tex/latex/tools/array.sty
Package: array 2014/10/28 v2.4c Tabular extension package (FMi)
\col@sep=\dimen259
\extrarowheight=\dimen260
\NC@list=\toks35
\extratabsurround=\skip107
\backup@length=\skip108
)
(/usr/share/texlive/texmf-dist/tex/latex/tools/tabularx.sty
Package: tabularx 2014/10/28 v2.10 `tabularx' package (DPC)
\TX@col@width=\dimen261
\TX@old@table=\dimen262
\TX@old@col=\dimen263
\TX@target=\dimen264
\TX@delta=\dimen265
\TX@cols=\count180
\TX@ftn=\toks36
)
(/usr/share/texlive/texmf-dist/tex/latex/appendix/appendix.sty
Package: appendix 2009/09/02 v1.2b extra appendix facilities
\c@@pps=\count181
\c@@ppsavesec=\count182
\c@@ppsaveapp=\count183
)
(/usr/share/texlive/texmf-dist/tex/latex/float/float.sty
Package: float 2001/11/08 v1.3d Float enhancements (AL)
\c@float@type=\count184
\float@exts=\toks37
\float@box=\box53
\@float@everytoks=\toks38
\@floatcapt=\box54
)
(/usr/share/texlive/texmf-dist/tex/latex/tools/enumerate.sty
Package: enumerate 2015/07/23 v3.00 enumerate extensions (DPC)
\@enLab=\toks39
)
\c@theorem=\count185
\c@corollary=\count186
\c@notecounter=\count187
 (./thesis.aux)
\openout1 = `thesis.aux'.

LaTeX Font Info:    Checking defaults for OML/cmm/m/it on input line 39.
LaTeX Font Info:    ... okay on input line 39.
LaTeX Font Info:    Checking defaults for T1/cmr/m/n on input line 39.
LaTeX Font Info:    ... okay on input line 39.
LaTeX Font Info:    Checking defaults for OT1/cmr/m/n on input line 39.
LaTeX Font Info:    ... okay on input line 39.
LaTeX Font Info:    Checking defaults for OMS/cmsy/m/n on input line 39.
LaTeX Font Info:    ... okay on input line 39.
LaTeX Font Info:    Checking defaults for OMX/cmex/m/n on input line 39.
LaTeX Font Info:    ... okay on input line 39.
LaTeX Font Info:    Checking defaults for U/cmr/m/n on input line 39.
LaTeX Font Info:    ... okay on input line 39.
LaTeX Font Info:    Checking defaults for PD1/pdf/m/n on input line 39.
LaTeX Font Info:    ... okay on input line 39.
LaTeX Font Info:    Checking defaults for PU/pdf/m/n on input line 39.
LaTeX Font Info:    ... okay on input line 39.
LaTeX Font Info:    Checking defaults for EU1/lmr/m/n on input line 39.
LaTeX Font Info:    ... okay on input line 39.
LaTeX Font Info:    Checking defaults for T3/cmr/m/n on input line 39.
LaTeX Font Info:    Try loading font information for T3+cmr on input line 39.

(/usr/share/texmf/tex/latex/tipa/t3cmr.fd
File: t3cmr.fd 2001/12/31 TIPA font definitions
)
LaTeX Font Info:    ... okay on input line 39.
\AtBeginShipoutBox=\box55
Package hyperref Info: Link coloring ON on input line 39.

(/usr/share/texlive/texmf-dist/tex/latex/hyperref/nameref.sty
Package: nameref 2012/10/27 v2.43 Cross-referencing by name of section

(/usr/share/texlive/texmf-dist/tex/generic/oberdiek/gettitlestring.sty
Package: gettitlestring 2010/12/03 v1.4 Cleanup title references (HO)
)
\c@section@level=\count188
)
LaTeX Info: Redefining \ref on input line 39.
LaTeX Info: Redefining \pageref on input line 39.
LaTeX Info: Redefining \nameref on input line 39.

(./thesis.out) (./thesis.out)
\@outlinefile=\write4
\openout4 = `thesis.out'.

Configuring pdfsync
\PDFSYNC@ut=\write5
\openout5 = `thesis.pdfsync'.

\PDFSYNCf@li@=\count189
\PDFSYNC@rder=\count190
**** pdfsync.sty: Synchronizing at \everypar
\PDFSYNCeveryp@r=\toks40
**** pdfsync.sty: Synchronizing at \everymath
\PDFSYNCeverym@th=\toks41
**** pdfsync.sty: Synchronizing at \everyhbox
\PDFSYNCeveryhb@x=\toks42
**** pdfsync.sty: Synchronizing at \everyvbox
\PDFSYNCeveryvb@x=\toks43
**** pdfsync.sty: started

*geometry* driver: auto-detecting
*geometry* detected driver: xetex
*geometry* verbose mode - [ preamble ] result:
* driver: xetex
* paper: letterpaper
* layout: <same size as paper>
* layoutoffset:(h,v)=(0.0pt,0.0pt)
* modes: 
* h-part:(L,W,R)=(54.2025pt, 505.89pt, 54.2025pt)
* v-part:(T,H,B)=(86.724pt, 578.15999pt, 130.086pt)
* \paperwidth=614.295pt
* \paperheight=794.96999pt
* \textwidth=505.89pt
* \textheight=578.15999pt
* \oddsidemargin=-18.06749pt
* \evensidemargin=-18.06749pt
* \topmargin=-15.61348pt
* \headheight=12.0pt
* \headsep=18.06749pt
* \topskip=10.0pt
* \footskip=25.29494pt
* \marginparwidth=69.0pt
* \marginparsep=7.0pt
* \columnsep=10.0pt
* \skip\footins=9.0pt plus 4.0pt minus 2.0pt
* \hoffset=0.0pt
* \voffset=0.0pt
* \mag=1000
* \@twocolumnfalse
* \@twosidefalse
* \@mparswitchfalse
* \@reversemarginfalse
* (1in=72.27pt=25.4mm, 1cm=28.453pt)

Package caption Info: Begin \AtBeginDocument code.
Package caption Info: float package is loaded.
Package caption Info: listings package is loaded.
Package caption Info: End \AtBeginDocument code.
Package caption Info: We need package `ragged2e' on input line 39.
(/usr/share/texlive/texmf-dist/tex/latex/ms/ragged2e.sty
Package: ragged2e 2009/05/21 v2.1 ragged2e Package (MS)

(/usr/share/texlive/texmf-dist/tex/latex/ms/everysel.sty
Package: everysel 2011/10/28 v1.2 EverySelectfont Package (MS)

ABD: EverySelectfont initializing macros
LaTeX Info: Redefining \selectfont on input line 126.
)
\CenteringLeftskip=\skip109
\RaggedLeftLeftskip=\skip110
\RaggedRightLeftskip=\skip111
\CenteringRightskip=\skip112
\RaggedLeftRightskip=\skip113
\RaggedRightRightskip=\skip114
\CenteringParfillskip=\skip115
\RaggedLeftParfillskip=\skip116
\RaggedRightParfillskip=\skip117
\JustifyingParfillskip=\skip118
\CenteringParindent=\skip119
\RaggedLeftParindent=\skip120
\RaggedRightParindent=\skip121
\JustifyingParindent=\skip122
)
\c@lstlisting=\count191
 (./frontmatter/coverpage.tex)
(/usr/share/texlive/texmf-dist/tex/generic/oberdiek/se-ascii-print.def
File: se-ascii-print.def 2011/12/02 v1.10 stringenc: Printable ASCII characters

)
[1

] [2] (./frontmatter/abstract.tex) [3]
LaTeX Font Info:    Try loading font information for T1+ppl on input line 46.

(/usr/share/texlive/texmf-dist/tex/latex/psnfss/t1ppl.fd
File: t1ppl.fd 2001/06/04 font definitions for T1/ppl.
) (./thesis.toc
LaTeX Font Info:    Try loading font information for U+msa on input line 1.

(/usr/share/texlive/texmf-dist/tex/latex/amsfonts/umsa.fd
File: umsa.fd 2013/01/14 v3.01 AMS symbols A
)
LaTeX Font Info:    Try loading font information for U+msb on input line 1.

(/usr/share/texlive/texmf-dist/tex/latex/amsfonts/umsb.fd
File: umsb.fd 2013/01/14 v3.01 AMS symbols B
) [4

])
\tf@toc=\write6
\openout6 = `thesis.toc'.

 [5]
(./thesis.lof [6

])
\tf@lof=\write7
\openout7 = `thesis.lof'.

 [7] (./thesis.lot)
\tf@lot=\write8
\openout8 = `thesis.lot'.

 [8

] (./frontmatter/dedication.tex)
[9] (./frontmatter/thanks.tex) [10

] (./chapters/introduction.tex
Chapter 1.
[1

]) (./chapters/related_work.tex [2]
Chapter 2.
[3

] [4]
LaTeX Font Info:    Try loading font information for EU1+lmtt on input line 37.

 (/usr/share/texlive/texmf-dist/tex/latex/euenc/eu1lmtt.fd
File: eu1lmtt.fd 2009/10/30 v1.6 Font defs for Latin Modern
) [5]

LaTeX Warning: Reference `HashMap' on page 6 undefined on input line 42.

) [6] (./chapters/queues.tex [7]
Chapter 3.
[8

] [9]

LaTeX Warning: Reference `fig:concurrent_queues' on page 10 undefined on input 
line 57.

[10] [11] (./chapters/evaluation.tex [12] [13]

LaTeX Warning: Reference `fig:concurrentqueues' on page 14 undefined on input l
ine 55.

[14] [15])) (./chapters/commutativity.tex [16]
Chapter 4.
[17

] [18]

LaTeX Warning: Reference `fig:concurrentqueues' on page 19 undefined on input l
ine 114.


LaTeX Warning: `!h' float specifier changed to `!ht'.

[19] [20] (./chapters/wqueue.tex [21] [22])) (./chapters/hashmap.tex [23]
Chapter 5.
[24

] [25] [26]

LaTeX Warning: Reference `app:hashmaps_cm' on page 27 undefined on input line 6
6.

) (./chapters/future_conclude.tex [27] [28]
Chapter 6.
) [29

] (./thesis.bbl [30


] [31]) [32] (./chapters/appendix.tex [33


]
(./figures/queue_figs.tex
Appendix A.
File: ./figures/fcqueues/cm.png Graphic file (type QTm)
<use  "./figures/fcqueues/cm.png" > [34

]
File: ./figures/concurrent/Q:PushPop.png Graphic file (type QTm)

<use  "./figures/concurrent/Q:PushPop.png" > [35]
File: ./figures/fcqueues/stoQ:PushPop.png Graphic file (type QTm)

<use  "./figures/fcqueues/stoQ:PushPop.png" >
(./figures/fcqueues/stopushpop_aborts.tex) [36]
File: ./figures/fcqueues/ntQ:PushPop.png Graphic file (type QTm)

<use  "./figures/fcqueues/ntQ:PushPop.png" >
(./figures/fcqueues/ntpushpop_aborts.tex)
Overfull \hbox (16.51105pt too wide) in paragraph at lines 1--46
[][][][]
 []


Underfull \hbox (badness 10000) in paragraph at lines 1--46

 []

File: ./figures/fcqueues/tQ:PushPop.png Graphic file (type QTm)
<use  "./figures/fcqueues/tQ:PushPop.png" >
(./figures/fcqueues/tpushpop_aborts.tex)
Overfull \hbox (16.51105pt too wide) in paragraph at lines 1--58
[][][][]
 []


Underfull \hbox (badness 10000) in paragraph at lines 1--58

 []

[37]
File: ./figures/fcqueues/lpQ:PushPop.png Graphic file (type QTm)
 <use  "./figures/fcqueues/lpQ:PushPop.png" >
(./figures/fcqueues/lppushpop_aborts.tex)
Overfull \hbox (16.51105pt too wide) in paragraph at lines 1--70
[][][][]
 []


Underfull \hbox (badness 10000) in paragraph at lines 1--70

 []

File: ./figures/concurrent/Q:RandSingleOps10000.png Graphic file (type QTm)
<use  "./figures/concurrent/Q:RandSingleOps10000.png" >
File: ./figures/concurrent/Q:RandSingleOps100000.png Graphic file (type QTm)

<use  "./figures/concurrent/Q:RandSingleOps100000.png" > [38]
File: ./figures/fcqueues/stoQ:RandSingleOps10000.png Graphic file (type QTm)

<use  "./figures/fcqueues/stoQ:RandSingleOps10000.png" >
(./figures/fcqueues/sto10000aborts.tex)
File: ./figures/fcqueues/stoQ:RandSingleOps100000.png Graphic file (type QTm)

<use  "./figures/fcqueues/stoQ:RandSingleOps100000.png" >
(./figures/fcqueues/sto100000aborts.tex) [39]
File: ./figures/fcqueues/ntQ:RandSingleOps10000.png Graphic file (type QTm)

<use  "./figures/fcqueues/ntQ:RandSingleOps10000.png" >
(./figures/fcqueues/nt10000aborts.tex)
File: ./figures/fcqueues/ntQ:RandSingleOps100000.png Graphic file (type QTm)

<use  "./figures/fcqueues/ntQ:RandSingleOps100000.png" >
(./figures/fcqueues/nt100000aborts.tex) [40]
File: ./figures/fcqueues/tQ:RandSingleOps10000.png Graphic file (type QTm)

<use  "./figures/fcqueues/tQ:RandSingleOps10000.png" >
(./figures/fcqueues/t10000aborts.tex)
File: ./figures/fcqueues/tQ:RandSingleOps100000.png Graphic file (type QTm)

<use  "./figures/fcqueues/tQ:RandSingleOps100000.png" >
(./figures/fcqueues/t100000aborts.tex) [41]
Overfull \vbox (14.19348pt too high) has occurred while \output is active []


[42]
File: ./figures/fcqueues/lpQ:RandSingleOps10000.png Graphic file (type QTm)
 <use  "./figures/fcqueues/lpQ:RandSingleOps10000.png" >
(./figures/fcqueues/lp10000aborts.tex)
File: ./figures/fcqueues/lpQ:RandSingleOps100000.png Graphic file (type QTm)

<use  "./figures/fcqueues/lpQ:RandSingleOps100000.png" >
(./figures/fcqueues/lp100000aborts.tex)) (./figures/hashmap_figs.tex
Overfull \vbox (62.19348pt too high) has occurred while \output is active []


[43]
Appendix B.
File: ./figures/maps/5cm.png Graphic file (type QTm)
<use  "./figures/maps/5cm.png" >
File: ./figures/maps/10cm.png Graphic file (type QTm)
 <use  "./figures/maps/10cm.png" > [44

]
File: ./figures/maps/15cm.png Graphic file (type QTm)

<use  "./figures/maps/15cm.png" > [45]
File: ./figures/maps/5HM10K:F34,I33,E33.png Graphic file (type QTm)

<use  "./figures/maps/5HM10K:F34,I33,E33.png" >
(./figures/maps/HM10K:F34,I33,E335_aborts.tex)
File: ./figures/maps/10HM125K:F34,I33,E33.png Graphic file (type QTm)

<use  "./figures/maps/10HM125K:F34,I33,E33.png" >
(./figures/maps/HM125K:F34,I33,E335_aborts.tex) [46]
File: ./figures/maps/15HM1M:F34,I33,E33.png Graphic file (type QTm)

<use  "./figures/maps/15HM1M:F34,I33,E33.png" >
(./figures/maps/HM1M:F34,I33,E335_aborts.tex) [47]
File: ./figures/maps/10HM10K:F34,I33,E33.png Graphic file (type QTm)

<use  "./figures/maps/10HM10K:F34,I33,E33.png" >
(./figures/maps/HM10K:F34,I33,E3310_aborts.tex) [48]
File: ./figures/maps/10HM125K:F34,I33,E33.png Graphic file (type QTm)

<use  "./figures/maps/10HM125K:F34,I33,E33.png" >
(./figures/maps/HM125K:F34,I33,E3310_aborts.tex) [49]
File: ./figures/maps/10HM1M:F34,I33,E33.png Graphic file (type QTm)

<use  "./figures/maps/10HM1M:F34,I33,E33.png" >
(./figures/maps/HM1M:F34,I33,E3310_aborts.tex) [50]
File: ./figures/maps/15HM10K:F34,I33,E33.png Graphic file (type QTm)

<use  "./figures/maps/15HM10K:F34,I33,E33.png" >
(./figures/maps/HM10K:F34,I33,E3315_aborts.tex) [51]
File: ./figures/maps/15HM125K:F34,I33,E33.png Graphic file (type QTm)

<use  "./figures/maps/15HM125K:F34,I33,E33.png" >
(./figures/maps/HM125K:F34,I33,E3315_aborts.tex) [52]
File: ./figures/maps/15HM1M:F34,I33,E33.png Graphic file (type QTm)

<use  "./figures/maps/15HM1M:F34,I33,E33.png" >
(./figures/maps/HM1M:F34,I33,E3315_aborts.tex) [53] [54]
File: ./figures/maps/5HM10K:F90,I5,E5.png Graphic file (type QTm)

<use  "./figures/maps/5HM10K:F90,I5,E5.png" >
(./figures/maps/HM10K:F90,I5,E55_aborts.tex)
File: ./figures/maps/10HM125K:F90,I5,E5.png Graphic file (type QTm)

<use  "./figures/maps/10HM125K:F90,I5,E5.png" >
(./figures/maps/HM125K:F90,I5,E55_aborts.tex) [55]
File: ./figures/maps/15HM1M:F90,I5,E5.png Graphic file (type QTm)

<use  "./figures/maps/15HM1M:F90,I5,E5.png" >
(./figures/maps/HM1M:F90,I5,E55_aborts.tex) [56]
File: ./figures/maps/10HM10K:F90,I5,E5.png Graphic file (type QTm)

<use  "./figures/maps/10HM10K:F90,I5,E5.png" >
(./figures/maps/HM10K:F90,I5,E510_aborts.tex) [57]
File: ./figures/maps/10HM125K:F90,I5,E5.png Graphic file (type QTm)

<use  "./figures/maps/10HM125K:F90,I5,E5.png" >
(./figures/maps/HM125K:F90,I5,E510_aborts.tex) [58]
File: ./figures/maps/10HM1M:F90,I5,E5.png Graphic file (type QTm)

<use  "./figures/maps/10HM1M:F90,I5,E5.png" >
(./figures/maps/HM1M:F90,I5,E510_aborts.tex) [59]
File: ./figures/maps/15HM10K:F90,I5,E5.png Graphic file (type QTm)

<use  "./figures/maps/15HM10K:F90,I5,E5.png" >
(./figures/maps/HM10K:F90,I5,E515_aborts.tex) [60]
File: ./figures/maps/15HM125K:F90,I5,E5.png Graphic file (type QTm)

<use  "./figures/maps/15HM125K:F90,I5,E5.png" >
(./figures/maps/HM125K:F90,I5,E515_aborts.tex) [61]
File: ./figures/maps/15HM1M:F90,I5,E5.png Graphic file (type QTm)

<use  "./figures/maps/15HM1M:F90,I5,E5.png" >
(./figures/maps/HM1M:F90,I5,E515_aborts.tex) [62]))
Package atveryend Info: Empty hook `BeforeClearDocument' on input line 79.
 [63]
Package atveryend Info: Empty hook `AfterLastShipout' on input line 79.
 (./thesis.aux)
Package atveryend Info: Empty hook `AtVeryEndDocument' on input line 79.
Package atveryend Info: Empty hook `AtEndAfterFileList' on input line 79.


LaTeX Warning: There were undefined references.


LaTeX Warning: Label(s) may have changed. Rerun to get cross-references right.

Package atveryend Info: Empty hook `AtVeryVeryEnd' on input line 79.
 )
(\end occurred inside a group at level 2)

### semi simple group (level 2) entered at line 44 (\begingroup)
### semi simple group (level 1) entered at line 44 (\begingroup)
### bottom level 
Here is how much of TeX's memory you used:
 27327 strings out of 493638
 476089 string characters out of 6146797
 540992 words of memory out of 5000000
 30201 multiletter control sequences out of 15000+600000
 12416 words of font info for 92 fonts, out of 8000000 for 9000
 1328 hyphenation exceptions out of 8191
 49i,36n,83p,10504b,1465s stack positions out of 5000i,500n,10000p,200000b,80000s

Output written on thesis.pdf (73 pages).
